0 verbose cli C:\Program Files\nodejs\node.exe C:\Program Files\nodejs\node_modules\npm\bin\npm-cli.js
1 info using npm@10.5.0
2 info using node@v21.7.3
3 timing npm:load:whichnode Completed in 4ms
4 timing config:load:defaults Completed in 3ms
5 timing config:load:file:C:\Program Files\nodejs\node_modules\npm\npmrc Completed in 5ms
6 timing config:load:builtin Completed in 5ms
7 timing config:load:cli Completed in 5ms
8 timing config:load:env Completed in 1ms
9 timing config:load:file:D:\Hackathon\Doctor Appointment System\Pharmacy FE\.npmrc Completed in 0ms
10 timing config:load:project Completed in 3ms
11 timing config:load:file:C:\Users\HP\AppData\Roaming\SPB_Data\.npmrc Completed in 1ms
12 timing config:load:user Completed in 1ms
13 timing config:load:file:C:\Users\HP\AppData\Roaming\npm\etc\npmrc Completed in 0ms
14 timing config:load:global Completed in 0ms
15 timing config:load:setEnvs Completed in 2ms
16 timing config:load Completed in 21ms
17 timing npm:load:configload Completed in 21ms
18 timing config:load:flatten Completed in 3ms
19 timing npm:load:mkdirpcache Completed in 1ms
20 timing npm:load:mkdirplogs Completed in 0ms
21 verbose title npm install
22 verbose argv "install" "--cache" ".npm-cache"
23 timing npm:load:setTitle Completed in 2ms
24 timing npm:load:display Completed in 0ms
25 verbose logfile logs-max:10 dir:D:\Hackathon\Doctor Appointment System\Pharmacy FE\.npm-cache\_logs\2026-03-13T15_52_36_350Z-
26 verbose logfile D:\Hackathon\Doctor Appointment System\Pharmacy FE\.npm-cache\_logs\2026-03-13T15_52_36_350Z-debug-0.log
27 timing npm:load:logFile Completed in 14ms
28 timing npm:load:timers Completed in 0ms
29 timing npm:load:configScope Completed in 0ms
30 timing npm:load Completed in 81ms
31 timing arborist:ctor Completed in 1ms
32 silly logfile done cleaning log files
33 timing arborist:ctor Completed in 0ms
34 timing idealTree:init Completed in 274ms
35 timing idealTree:userRequests Completed in 1ms
36 silly idealTree buildDeps
37 timing idealTree:#root Completed in 0ms
38 silly fetch manifest fsevents@~2.3.2
39 http fetch GET 200 https://registry.npmjs.org/fsevents 320ms (cache revalidated)
40 silly placeDep node_modules/chokidar fsevents@2.3.3 OK for: chokidar@3.6.0 want: ~2.3.2
41 timing idealTree:node_modules/chokidar Completed in 334ms
42 silly fetch manifest @esbuild/aix-ppc64@0.21.5
43 http fetch GET 200 https://registry.npmjs.org/@esbuild%2faix-ppc64 74ms (cache revalidated)
44 silly fetch manifest @esbuild/android-arm@0.21.5
45 http fetch GET 200 https://registry.npmjs.org/@esbuild%2fandroid-arm 308ms (cache revalidated)
46 silly fetch manifest @esbuild/android-arm64@0.21.5
47 http fetch GET 200 https://registry.npmjs.org/@esbuild%2fandroid-arm64 59ms (cache revalidated)
48 silly fetch manifest @esbuild/android-x64@0.21.5
49 http fetch GET 200 https://registry.npmjs.org/@esbuild%2fandroid-x64 56ms (cache revalidated)
50 silly fetch manifest @esbuild/darwin-arm64@0.21.5
51 http fetch GET 200 https://registry.npmjs.org/@esbuild%2fdarwin-arm64 68ms (cache revalidated)
52 silly fetch manifest @esbuild/darwin-x64@0.21.5
53 http fetch GET 200 https://registry.npmjs.org/@esbuild%2fdarwin-x64 138ms (cache revalidated)
54 silly fetch manifest @esbuild/freebsd-arm64@0.21.5
55 http fetch GET 200 https://registry.npmjs.org/@esbuild%2ffreebsd-arm64 113ms (cache revalidated)
56 silly fetch manifest @esbuild/freebsd-x64@0.21.5
57 http fetch GET 200 https://registry.npmjs.org/@esbuild%2ffreebsd-x64 89ms (cache revalidated)
58 silly fetch manifest @esbuild/linux-arm@0.21.5
59 http fetch GET 200 https://registry.npmjs.org/@esbuild%2flinux-arm 89ms (cache revalidated)
60 silly fetch manifest @esbuild/linux-arm64@0.21.5
61 http fetch GET 200 https://registry.npmjs.org/@esbuild%2flinux-arm64 867ms (cache revalidated)
62 silly fetch manifest @esbuild/linux-ia32@0.21.5
63 http fetch GET 200 https://registry.npmjs.org/@esbuild%2flinux-ia32 189ms (cache revalidated)
64 silly fetch manifest @esbuild/linux-loong64@0.21.5
65 http fetch GET 200 https://registry.npmjs.org/@esbuild%2flinux-loong64 66ms (cache revalidated)
66 silly fetch manifest @esbuild/linux-mips64el@0.21.5
67 http fetch GET 200 https://registry.npmjs.org/@esbuild%2flinux-mips64el 70ms (cache revalidated)
68 silly fetch manifest @esbuild/linux-ppc64@0.21.5
69 http fetch GET 200 https://registry.npmjs.org/@esbuild%2flinux-ppc64 52ms (cache revalidated)
70 silly fetch manifest @esbuild/linux-riscv64@0.21.5
71 http fetch GET 200 https://registry.npmjs.org/@esbuild%2flinux-riscv64 75ms (cache revalidated)
72 silly fetch manifest @esbuild/linux-s390x@0.21.5
73 http fetch GET 200 https://registry.npmjs.org/@esbuild%2flinux-s390x 195ms (cache revalidated)
74 silly fetch manifest @esbuild/linux-x64@0.21.5
75 http fetch GET 200 https://registry.npmjs.org/@esbuild%2flinux-x64 85ms (cache revalidated)
76 silly fetch manifest @esbuild/netbsd-x64@0.21.5
77 http fetch GET 200 https://registry.npmjs.org/@esbuild%2fnetbsd-x64 84ms (cache revalidated)
78 silly fetch manifest @esbuild/openbsd-x64@0.21.5
79 http fetch GET 200 https://registry.npmjs.org/@esbuild%2fopenbsd-x64 60ms (cache revalidated)
80 silly fetch manifest @esbuild/sunos-x64@0.21.5
81 http fetch GET 200 https://registry.npmjs.org/@esbuild%2fsunos-x64 71ms (cache revalidated)
82 silly fetch manifest @esbuild/win32-arm64@0.21.5
83 http fetch GET 200 https://registry.npmjs.org/@esbuild%2fwin32-arm64 60ms (cache revalidated)
84 silly fetch manifest @esbuild/win32-ia32@0.21.5
85 http fetch GET 200 https://registry.npmjs.org/@esbuild%2fwin32-ia32 117ms (cache revalidated)
86 silly placeDep node_modules/esbuild @esbuild/aix-ppc64@0.21.5 OK for: esbuild@0.21.5 want: 0.21.5
87 silly placeDep node_modules/esbuild @esbuild/android-arm@0.21.5 OK for: esbuild@0.21.5 want: 0.21.5
88 silly placeDep node_modules/esbuild @esbuild/android-arm64@0.21.5 OK for: esbuild@0.21.5 want: 0.21.5
89 silly placeDep node_modules/esbuild @esbuild/android-x64@0.21.5 OK for: esbuild@0.21.5 want: 0.21.5
90 silly placeDep node_modules/esbuild @esbuild/darwin-arm64@0.21.5 OK for: esbuild@0.21.5 want: 0.21.5
91 silly placeDep node_modules/esbuild @esbuild/darwin-x64@0.21.5 OK for: esbuild@0.21.5 want: 0.21.5
92 silly placeDep node_modules/esbuild @esbuild/freebsd-arm64@0.21.5 OK for: esbuild@0.21.5 want: 0.21.5
93 silly placeDep node_modules/esbuild @esbuild/freebsd-x64@0.21.5 OK for: esbuild@0.21.5 want: 0.21.5
94 silly placeDep node_modules/esbuild @esbuild/linux-arm@0.21.5 OK for: esbuild@0.21.5 want: 0.21.5
95 silly placeDep node_modules/esbuild @esbuild/linux-arm64@0.21.5 OK for: esbuild@0.21.5 want: 0.21.5
96 silly placeDep node_modules/esbuild @esbuild/linux-ia32@0.21.5 OK for: esbuild@0.21.5 want: 0.21.5
97 silly placeDep node_modules/esbuild @esbuild/linux-loong64@0.21.5 OK for: esbuild@0.21.5 want: 0.21.5
98 silly placeDep node_modules/esbuild @esbuild/linux-mips64el@0.21.5 OK for: esbuild@0.21.5 want: 0.21.5
99 silly placeDep node_modules/esbuild @esbuild/linux-ppc64@0.21.5 OK for: esbuild@0.21.5 want: 0.21.5
100 silly placeDep node_modules/esbuild @esbuild/linux-riscv64@0.21.5 OK for: esbuild@0.21.5 want: 0.21.5
101 silly placeDep node_modules/esbuild @esbuild/linux-s390x@0.21.5 OK for: esbuild@0.21.5 want: 0.21.5
102 silly placeDep node_modules/esbuild @esbuild/linux-x64@0.21.5 OK for: esbuild@0.21.5 want: 0.21.5
103 silly placeDep node_modules/esbuild @esbuild/netbsd-x64@0.21.5 OK for: esbuild@0.21.5 want: 0.21.5
104 silly placeDep node_modules/esbuild @esbuild/openbsd-x64@0.21.5 OK for: esbuild@0.21.5 want: 0.21.5
105 silly placeDep node_modules/esbuild @esbuild/sunos-x64@0.21.5 OK for: esbuild@0.21.5 want: 0.21.5
106 silly placeDep node_modules/esbuild @esbuild/win32-arm64@0.21.5 OK for: esbuild@0.21.5 want: 0.21.5
107 silly placeDep node_modules/esbuild @esbuild/win32-ia32@0.21.5 OK for: esbuild@0.21.5 want: 0.21.5
108 timing idealTree:node_modules/esbuild Completed in 3053ms
109 silly fetch manifest @rollup/rollup-darwin-arm64@4.59.0
110 http fetch GET 200 https://registry.npmjs.org/@rollup%2frollup-darwin-arm64 57ms (cache revalidated)
111 silly fetch manifest @rollup/rollup-android-arm64@4.59.0
112 http fetch GET 200 https://registry.npmjs.org/@rollup%2frollup-android-arm64 63ms (cache revalidated)
113 silly fetch manifest @rollup/rollup-win32-arm64-msvc@4.59.0
114 http fetch GET 200 https://registry.npmjs.org/@rollup%2frollup-win32-arm64-msvc 53ms (cache revalidated)
115 silly fetch manifest @rollup/rollup-freebsd-arm64@4.59.0
116 http fetch GET 200 https://registry.npmjs.org/@rollup%2frollup-freebsd-arm64 60ms (cache revalidated)
117 silly fetch manifest @rollup/rollup-linux-arm64-gnu@4.59.0
118 http fetch GET 200 https://registry.npmjs.org/@rollup%2frollup-linux-arm64-gnu 79ms (cache revalidated)
119 silly fetch manifest @rollup/rollup-linux-arm64-musl@4.59.0
120 http fetch GET 200 https://registry.npmjs.org/@rollup%2frollup-linux-arm64-musl 50ms (cache revalidated)
121 silly fetch manifest @rollup/rollup-android-arm-eabi@4.59.0
122 http fetch GET 200 https://registry.npmjs.org/@rollup%2frollup-android-arm-eabi 52ms (cache revalidated)
123 silly fetch manifest @rollup/rollup-linux-arm-gnueabihf@4.59.0
124 http fetch GET 200 https://registry.npmjs.org/@rollup%2frollup-linux-arm-gnueabihf 58ms (cache revalidated)
125 silly fetch manifest @rollup/rollup-linux-arm-musleabihf@4.59.0
126 http fetch GET 200 https://registry.npmjs.org/@rollup%2frollup-linux-arm-musleabihf 51ms (cache revalidated)
127 silly fetch manifest @rollup/rollup-win32-ia32-msvc@4.59.0
128 http fetch GET 200 https://registry.npmjs.org/@rollup%2frollup-win32-ia32-msvc 49ms (cache revalidated)
129 silly fetch manifest @rollup/rollup-linux-loong64-gnu@4.59.0
130 http fetch GET 200 https://registry.npmjs.org/@rollup%2frollup-linux-loong64-gnu 65ms (cache revalidated)
131 silly fetch manifest @rollup/rollup-linux-loong64-musl@4.59.0
132 http fetch GET 200 https://registry.npmjs.org/@rollup%2frollup-linux-loong64-musl 98ms (cache revalidated)
133 silly fetch manifest @rollup/rollup-linux-riscv64-gnu@4.59.0
134 http fetch GET 200 https://registry.npmjs.org/@rollup%2frollup-linux-riscv64-gnu 64ms (cache revalidated)
135 silly fetch manifest @rollup/rollup-linux-riscv64-musl@4.59.0
136 http fetch GET 200 https://registry.npmjs.org/@rollup%2frollup-linux-riscv64-musl 54ms (cache revalidated)
137 silly fetch manifest @rollup/rollup-linux-ppc64-gnu@4.59.0
138 http fetch GET 200 https://registry.npmjs.org/@rollup%2frollup-linux-ppc64-gnu 79ms (cache revalidated)
139 silly fetch manifest @rollup/rollup-linux-ppc64-musl@4.59.0
140 http fetch GET 200 https://registry.npmjs.org/@rollup%2frollup-linux-ppc64-musl 86ms (cache revalidated)
141 silly fetch manifest @rollup/rollup-linux-s390x-gnu@4.59.0
142 http fetch GET 200 https://registry.npmjs.org/@rollup%2frollup-linux-s390x-gnu 52ms (cache revalidated)
143 silly fetch manifest @rollup/rollup-darwin-x64@4.59.0
144 http fetch GET 200 https://registry.npmjs.org/@rollup%2frollup-darwin-x64 52ms (cache revalidated)
145 silly fetch manifest @rollup/rollup-freebsd-x64@4.59.0
146 http fetch GET 200 https://registry.npmjs.org/@rollup%2frollup-freebsd-x64 46ms (cache revalidated)
147 silly fetch manifest @rollup/rollup-linux-x64-gnu@4.59.0
148 http fetch GET 200 https://registry.npmjs.org/@rollup%2frollup-linux-x64-gnu 61ms (cache revalidated)
149 silly fetch manifest @rollup/rollup-linux-x64-musl@4.59.0
150 http fetch GET 200 https://registry.npmjs.org/@rollup%2frollup-linux-x64-musl 47ms (cache revalidated)
151 silly fetch manifest @rollup/rollup-openbsd-x64@4.59.0
152 http fetch GET 200 https://registry.npmjs.org/@rollup%2frollup-openbsd-x64 57ms (cache revalidated)
153 silly fetch manifest @rollup/rollup-openharmony-arm64@4.59.0
154 http fetch GET 200 https://registry.npmjs.org/@rollup%2frollup-openharmony-arm64 58ms (cache revalidated)
155 silly placeDep node_modules/rollup @rollup/rollup-android-arm-eabi@4.59.0 OK for: rollup@4.59.0 want: 4.59.0
156 silly placeDep node_modules/rollup @rollup/rollup-android-arm64@4.59.0 OK for: rollup@4.59.0 want: 4.59.0
157 silly placeDep node_modules/rollup @rollup/rollup-darwin-arm64@4.59.0 OK for: rollup@4.59.0 want: 4.59.0
158 silly placeDep node_modules/rollup @rollup/rollup-darwin-x64@4.59.0 OK for: rollup@4.59.0 want: 4.59.0
159 silly placeDep node_modules/rollup @rollup/rollup-freebsd-arm64@4.59.0 OK for: rollup@4.59.0 want: 4.59.0
160 silly placeDep node_modules/rollup @rollup/rollup-freebsd-x64@4.59.0 OK for: rollup@4.59.0 want: 4.59.0
161 silly placeDep node_modules/rollup @rollup/rollup-linux-arm-gnueabihf@4.59.0 OK for: rollup@4.59.0 want: 4.59.0
162 silly placeDep node_modules/rollup @rollup/rollup-linux-arm-musleabihf@4.59.0 OK for: rollup@4.59.0 want: 4.59.0
163 silly placeDep node_modules/rollup @rollup/rollup-linux-arm64-gnu@4.59.0 OK for: rollup@4.59.0 want: 4.59.0
164 silly placeDep node_modules/rollup @rollup/rollup-linux-arm64-musl@4.59.0 OK for: rollup@4.59.0 want: 4.59.0
165 silly placeDep node_modules/rollup @rollup/rollup-linux-loong64-gnu@4.59.0 OK for: rollup@4.59.0 want: 4.59.0
166 silly placeDep node_modules/rollup @rollup/rollup-linux-loong64-musl@4.59.0 OK for: rollup@4.59.0 want: 4.59.0
167 silly placeDep node_modules/rollup @rollup/rollup-linux-ppc64-gnu@4.59.0 OK for: rollup@4.59.0 want: 4.59.0
168 silly placeDep node_modules/rollup @rollup/rollup-linux-ppc64-musl@4.59.0 OK for: rollup@4.59.0 want: 4.59.0
169 silly placeDep node_modules/rollup @rollup/rollup-linux-riscv64-gnu@4.59.0 OK for: rollup@4.59.0 want: 4.59.0
170 silly placeDep node_modules/rollup @rollup/rollup-linux-riscv64-musl@4.59.0 OK for: rollup@4.59.0 want: 4.59.0
171 silly placeDep node_modules/rollup @rollup/rollup-linux-s390x-gnu@4.59.0 OK for: rollup@4.59.0 want: 4.59.0
172 silly placeDep node_modules/rollup @rollup/rollup-linux-x64-gnu@4.59.0 OK for: rollup@4.59.0 want: 4.59.0
173 silly placeDep node_modules/rollup @rollup/rollup-linux-x64-musl@4.59.0 OK for: rollup@4.59.0 want: 4.59.0
174 silly placeDep node_modules/rollup @rollup/rollup-openbsd-x64@4.59.0 OK for: rollup@4.59.0 want: 4.59.0
175 silly placeDep node_modules/rollup @rollup/rollup-openharmony-arm64@4.59.0 OK for: rollup@4.59.0 want: 4.59.0
176 silly placeDep node_modules/rollup @rollup/rollup-win32-arm64-msvc@4.59.0 OK for: rollup@4.59.0 want: 4.59.0
177 silly placeDep node_modules/rollup @rollup/rollup-win32-ia32-msvc@4.59.0 OK for: rollup@4.59.0 want: 4.59.0
178 silly placeDep node_modules/rollup fsevents@2.3.3 OK for: rollup@4.59.0 want: ~2.3.2
179 timing idealTree:node_modules/rollup Completed in 1459ms
180 silly fetch manifest fsevents@~2.3.3
181 silly placeDep node_modules/vite fsevents@2.3.3 OK for: vite@5.4.21 want: ~2.3.3
182 timing idealTree:node_modules/vite Completed in 1ms
183 timing idealTree:node_modules/chokidar/node_modules/fsevents Completed in 0ms
184 timing idealTree:node_modules/esbuild/node_modules/@esbuild/aix-ppc64 Completed in 0ms
185 timing idealTree:node_modules/esbuild/node_modules/@esbuild/android-arm Completed in 0ms
186 timing idealTree:node_modules/esbuild/node_modules/@esbuild/android-arm64 Completed in 0ms
187 timing idealTree:node_modules/esbuild/node_modules/@esbuild/android-x64 Completed in 0ms
188 timing idealTree:node_modules/esbuild/node_modules/@esbuild/darwin-arm64 Completed in 0ms
189 timing idealTree:node_modules/esbuild/node_modules/@esbuild/darwin-x64 Completed in 0ms
190 timing idealTree:node_modules/esbuild/node_modules/@esbuild/freebsd-arm64 Completed in 0ms
191 timing idealTree:node_modules/esbuild/node_modules/@esbuild/freebsd-x64 Completed in 0ms
192 timing idealTree:node_modules/esbuild/node_modules/@esbuild/linux-arm Completed in 0ms
193 timing idealTree:node_modules/esbuild/node_modules/@esbuild/linux-arm64 Completed in 0ms
194 timing idealTree:node_modules/esbuild/node_modules/@esbuild/linux-ia32 Completed in 0ms
195 timing idealTree:node_modules/esbuild/node_modules/@esbuild/linux-loong64 Completed in 0ms
196 timing idealTree:node_modules/esbuild/node_modules/@esbuild/linux-mips64el Completed in 0ms
197 timing idealTree:node_modules/esbuild/node_modules/@esbuild/linux-ppc64 Completed in 0ms
198 timing idealTree:node_modules/esbuild/node_modules/@esbuild/linux-riscv64 Completed in 0ms
199 timing idealTree:node_modules/esbuild/node_modules/@esbuild/linux-s390x Completed in 0ms
200 timing idealTree:node_modules/esbuild/node_modules/@esbuild/linux-x64 Completed in 0ms
201 timing idealTree:node_modules/esbuild/node_modules/@esbuild/netbsd-x64 Completed in 0ms
202 timing idealTree:node_modules/esbuild/node_modules/@esbuild/openbsd-x64 Completed in 0ms
203 timing idealTree:node_modules/esbuild/node_modules/@esbuild/sunos-x64 Completed in 0ms
204 timing idealTree:node_modules/esbuild/node_modules/@esbuild/win32-arm64 Completed in 0ms
205 timing idealTree:node_modules/esbuild/node_modules/@esbuild/win32-ia32 Completed in 0ms
206 timing idealTree:node_modules/rollup/node_modules/@rollup/rollup-android-arm-eabi Completed in 0ms
207 timing idealTree:node_modules/rollup/node_modules/@rollup/rollup-android-arm64 Completed in 0ms
208 timing idealTree:node_modules/rollup/node_modules/@rollup/rollup-darwin-arm64 Completed in 0ms
209 timing idealTree:node_modules/rollup/node_modules/@rollup/rollup-darwin-x64 Completed in 0ms
210 timing idealTree:node_modules/rollup/node_modules/@rollup/rollup-freebsd-arm64 Completed in 0ms
211 timing idealTree:node_modules/rollup/node_modules/@rollup/rollup-freebsd-x64 Completed in 0ms
212 timing idealTree:node_modules/rollup/node_modules/@rollup/rollup-linux-arm-gnueabihf Completed in 0ms
213 timing idealTree:node_modules/rollup/node_modules/@rollup/rollup-linux-arm-musleabihf Completed in 0ms
214 timing idealTree:node_modules/rollup/node_modules/@rollup/rollup-linux-arm64-gnu Completed in 0ms
215 timing idealTree:node_modules/rollup/node_modules/@rollup/rollup-linux-arm64-musl Completed in 0ms
216 timing idealTree:node_modules/rollup/node_modules/@rollup/rollup-linux-loong64-gnu Completed in 0ms
217 timing idealTree:node_modules/rollup/node_modules/@rollup/rollup-linux-loong64-musl Completed in 0ms
218 timing idealTree:node_modules/rollup/node_modules/@rollup/rollup-linux-ppc64-gnu Completed in 0ms
219 timing idealTree:node_modules/rollup/node_modules/@rollup/rollup-linux-ppc64-musl Completed in 0ms
220 timing idealTree:node_modules/rollup/node_modules/@rollup/rollup-linux-riscv64-gnu Completed in 0ms
221 timing idealTree:node_modules/rollup/node_modules/@rollup/rollup-linux-riscv64-musl Completed in 0ms
222 timing idealTree:node_modules/rollup/node_modules/@rollup/rollup-linux-s390x-gnu Completed in 0ms
223 timing idealTree:node_modules/rollup/node_modules/@rollup/rollup-linux-x64-gnu Completed in 0ms
224 timing idealTree:node_modules/rollup/node_modules/@rollup/rollup-linux-x64-musl Completed in 0ms
225 timing idealTree:node_modules/rollup/node_modules/@rollup/rollup-openbsd-x64 Completed in 0ms
226 timing idealTree:node_modules/rollup/node_modules/@rollup/rollup-openharmony-arm64 Completed in 0ms
227 timing idealTree:node_modules/rollup/node_modules/@rollup/rollup-win32-arm64-msvc Completed in 0ms
228 timing idealTree:node_modules/rollup/node_modules/@rollup/rollup-win32-ia32-msvc Completed in 0ms
229 timing idealTree:node_modules/rollup/node_modules/fsevents Completed in 0ms
230 timing idealTree:node_modules/vite/node_modules/fsevents Completed in 0ms
231 timing idealTree:buildDeps Completed in 4852ms
232 timing idealTree:fixDepFlags Completed in 2ms
233 timing idealTree Completed in 5132ms
234 timing reify:loadTrees Completed in 5133ms
235 timing reify:diffTrees Completed in 6ms
236 silly reify mark retired [
236 silly reify   'D:\\Hackathon\\Doctor Appointment System\\Pharmacy FE\\node_modules\\fsevents'
236 silly reify ]
237 silly reify mark retired [
237 silly reify   'D:\\Hackathon\\Doctor Appointment System\\Pharmacy FE\\node_modules\\@esbuild\\aix-ppc64'
237 silly reify ]
238 silly reify mark retired [
238 silly reify   'D:\\Hackathon\\Doctor Appointment System\\Pharmacy FE\\node_modules\\@esbuild\\android-arm'
238 silly reify ]
239 silly reify mark retired [
239 silly reify   'D:\\Hackathon\\Doctor Appointment System\\Pharmacy FE\\node_modules\\@esbuild\\android-arm64'
239 silly reify ]
240 silly reify mark retired [
240 silly reify   'D:\\Hackathon\\Doctor Appointment System\\Pharmacy FE\\node_modules\\@esbuild\\android-x64'
240 silly reify ]
241 silly reify mark retired [
241 silly reify   'D:\\Hackathon\\Doctor Appointment System\\Pharmacy FE\\node_modules\\@esbuild\\darwin-arm64'
241 silly reify ]
242 silly reify mark retired [
242 silly reify   'D:\\Hackathon\\Doctor Appointment System\\Pharmacy FE\\node_modules\\@esbuild\\darwin-x64'
242 silly reify ]
243 silly reify mark retired [
243 silly reify   'D:\\Hackathon\\Doctor Appointment System\\Pharmacy FE\\node_modules\\@esbuild\\freebsd-arm64'
243 silly reify ]
244 silly reify mark retired [
244 silly reify   'D:\\Hackathon\\Doctor Appointment System\\Pharmacy FE\\node_modules\\@esbuild\\freebsd-x64'
244 silly reify ]
245 silly reify mark retired [
245 silly reify   'D:\\Hackathon\\Doctor Appointment System\\Pharmacy FE\\node_modules\\@esbuild\\linux-arm'
245 silly reify ]
246 silly reify mark retired [
246 silly reify   'D:\\Hackathon\\Doctor Appointment System\\Pharmacy FE\\node_modules\\@esbuild\\linux-arm64'
246 silly reify ]
247 silly reify mark retired [
247 silly reify   'D:\\Hackathon\\Doctor Appointment System\\Pharmacy FE\\node_modules\\@esbuild\\linux-ia32'
247 silly reify ]
248 silly reify mark retired [
248 silly reify   'D:\\Hackathon\\Doctor Appointment System\\Pharmacy FE\\node_modules\\@esbuild\\linux-loong64'
248 silly reify ]
249 silly reify mark retired [
249 silly reify   'D:\\Hackathon\\Doctor Appointment System\\Pharmacy FE\\node_modules\\@esbuild\\linux-mips64el'
249 silly reify ]
250 silly reify mark retired [
250 silly reify   'D:\\Hackathon\\Doctor Appointment System\\Pharmacy FE\\node_modules\\@esbuild\\linux-ppc64'
250 silly reify ]
251 silly reify mark retired [
251 silly reify   'D:\\Hackathon\\Doctor Appointment System\\Pharmacy FE\\node_modules\\@esbuild\\linux-riscv64'
251 silly reify ]
252 silly reify mark retired [
252 silly reify   'D:\\Hackathon\\Doctor Appointment System\\Pharmacy FE\\node_modules\\@esbuild\\linux-s390x'
252 silly reify ]
253 silly reify mark retired [
253 silly reify   'D:\\Hackathon\\Doctor Appointment System\\Pharmacy FE\\node_modules\\@esbuild\\linux-x64'
253 silly reify ]
254 silly reify mark retired [
254 silly reify   'D:\\Hackathon\\Doctor Appointment System\\Pharmacy FE\\node_modules\\@esbuild\\netbsd-x64'
254 silly reify ]
255 silly reify mark retired [
255 silly reify   'D:\\Hackathon\\Doctor Appointment System\\Pharmacy FE\\node_modules\\@esbuild\\openbsd-x64'
255 silly reify ]
256 silly reify mark retired [
256 silly reify   'D:\\Hackathon\\Doctor Appointment System\\Pharmacy FE\\node_modules\\@esbuild\\sunos-x64'
256 silly reify ]
257 silly reify mark retired [
257 silly reify   'D:\\Hackathon\\Doctor Appointment System\\Pharmacy FE\\node_modules\\@esbuild\\win32-arm64'
257 silly reify ]
258 silly reify mark retired [
258 silly reify   'D:\\Hackathon\\Doctor Appointment System\\Pharmacy FE\\node_modules\\@esbuild\\win32-ia32'
258 silly reify ]
259 silly reify mark retired [
259 silly reify   'D:\\Hackathon\\Doctor Appointment System\\Pharmacy FE\\node_modules\\@rollup\\rollup-android-arm-eabi'
259 silly reify ]
260 silly reify mark retired [
260 silly reify   'D:\\Hackathon\\Doctor Appointment System\\Pharmacy FE\\node_modules\\@rollup\\rollup-android-arm64'
260 silly reify ]
261 silly reify mark retired [
261 silly reify   'D:\\Hackathon\\Doctor Appointment System\\Pharmacy FE\\node_modules\\@rollup\\rollup-darwin-arm64'
261 silly reify ]
262 silly reify mark retired [
262 silly reify   'D:\\Hackathon\\Doctor Appointment System\\Pharmacy FE\\node_modules\\@rollup\\rollup-darwin-x64'
262 silly reify ]
263 silly reify mark retired [
263 silly reify   'D:\\Hackathon\\Doctor Appointment System\\Pharmacy FE\\node_modules\\@rollup\\rollup-freebsd-arm64'
263 silly reify ]
264 silly reify mark retired [
264 silly reify   'D:\\Hackathon\\Doctor Appointment System\\Pharmacy FE\\node_modules\\@rollup\\rollup-freebsd-x64'
264 silly reify ]
265 silly reify mark retired [
265 silly reify   'D:\\Hackathon\\Doctor Appointment System\\Pharmacy FE\\node_modules\\@rollup\\rollup-linux-arm-gnueabihf'
265 silly reify ]
266 silly reify mark retired [
266 silly reify   'D:\\Hackathon\\Doctor Appointment System\\Pharmacy FE\\node_modules\\@rollup\\rollup-linux-arm-musleabihf'
266 silly reify ]
267 silly reify mark retired [
267 silly reify   'D:\\Hackathon\\Doctor Appointment System\\Pharmacy FE\\node_modules\\@rollup\\rollup-linux-arm64-gnu'
267 silly reify ]
268 silly reify mark retired [
268 silly reify   'D:\\Hackathon\\Doctor Appointment System\\Pharmacy FE\\node_modules\\@rollup\\rollup-linux-arm64-musl'
268 silly reify ]
269 silly reify mark retired [
269 silly reify   'D:\\Hackathon\\Doctor Appointment System\\Pharmacy FE\\node_modules\\@rollup\\rollup-linux-loong64-gnu'
269 silly reify ]
270 silly reify mark retired [
270 silly reify   'D:\\Hackathon\\Doctor Appointment System\\Pharmacy FE\\node_modules\\@rollup\\rollup-linux-loong64-musl'
270 silly reify ]
271 silly reify mark retired [
271 silly reify   'D:\\Hackathon\\Doctor Appointment System\\Pharmacy FE\\node_modules\\@rollup\\rollup-linux-ppc64-gnu'
271 silly reify ]
272 silly reify mark retired [
272 silly reify   'D:\\Hackathon\\Doctor Appointment System\\Pharmacy FE\\node_modules\\@rollup\\rollup-linux-ppc64-musl'
272 silly reify ]
273 silly reify mark retired [
273 silly reify   'D:\\Hackathon\\Doctor Appointment System\\Pharmacy FE\\node_modules\\@rollup\\rollup-linux-riscv64-gnu'
273 silly reify ]
274 silly reify mark retired [
274 silly reify   'D:\\Hackathon\\Doctor Appointment System\\Pharmacy FE\\node_modules\\@rollup\\rollup-linux-riscv64-musl'
274 silly reify ]
275 silly reify mark retired [
275 silly reify   'D:\\Hackathon\\Doctor Appointment System\\Pharmacy FE\\node_modules\\@rollup\\rollup-linux-s390x-gnu'
275 silly reify ]
276 silly reify mark retired [
276 silly reify   'D:\\Hackathon\\Doctor Appointment System\\Pharmacy FE\\node_modules\\@rollup\\rollup-linux-x64-gnu'
276 silly reify ]
277 silly reify mark retired [
277 silly reify   'D:\\Hackathon\\Doctor Appointment System\\Pharmacy FE\\node_modules\\@rollup\\rollup-linux-x64-musl'
277 silly reify ]
278 silly reify mark retired [
278 silly reify   'D:\\Hackathon\\Doctor Appointment System\\Pharmacy FE\\node_modules\\@rollup\\rollup-openbsd-x64'
278 silly reify ]
279 silly reify mark retired [
279 silly reify   'D:\\Hackathon\\Doctor Appointment System\\Pharmacy FE\\node_modules\\@rollup\\rollup-openharmony-arm64'
279 silly reify ]
280 silly reify mark retired [
280 silly reify   'D:\\Hackathon\\Doctor Appointment System\\Pharmacy FE\\node_modules\\@rollup\\rollup-win32-arm64-msvc'
280 silly reify ]
281 silly reify mark retired [
281 silly reify   'D:\\Hackathon\\Doctor Appointment System\\Pharmacy FE\\node_modules\\@rollup\\rollup-win32-ia32-msvc'
281 silly reify ]
282 silly reify moves {
282 silly reify   'D:\\Hackathon\\Doctor Appointment System\\Pharmacy FE\\node_modules\\fsevents': 'D:\\Hackathon\\Doctor Appointment System\\Pharmacy FE\\node_modules\\.fsevents-q8TaRyMZ',
282 silly reify   'D:\\Hackathon\\Doctor Appointment System\\Pharmacy FE\\node_modules\\@esbuild\\aix-ppc64': 'D:\\Hackathon\\Doctor Appointment System\\Pharmacy FE\\node_modules\\@esbuild\\.aix-ppc64-bcWKBDgW',
282 silly reify   'D:\\Hackathon\\Doctor Appointment System\\Pharmacy FE\\node_modules\\@esbuild\\android-arm': 'D:\\Hackathon\\Doctor Appointment System\\Pharmacy FE\\node_modules\\@esbuild\\.android-arm-PTdGxCP2',
282 silly reify   'D:\\Hackathon\\Doctor Appointment System\\Pharmacy FE\\node_modules\\@esbuild\\android-arm64': 'D:\\Hackathon\\Doctor Appointment System\\Pharmacy FE\\node_modules\\@esbuild\\.android-arm64-MOCjrRkv',
282 silly reify   'D:\\Hackathon\\Doctor Appointment System\\Pharmacy FE\\node_modules\\@esbuild\\android-x64': 'D:\\Hackathon\\Doctor Appointment System\\Pharmacy FE\\node_modules\\@esbuild\\.android-x64-mUYzETLE',
282 silly reify   'D:\\Hackathon\\Doctor Appointment System\\Pharmacy FE\\node_modules\\@esbuild\\darwin-arm64': 'D:\\Hackathon\\Doctor Appointment System\\Pharmacy FE\\node_modules\\@esbuild\\.darwin-arm64-Wpdehuh4',
282 silly reify   'D:\\Hackathon\\Doctor Appointment System\\Pharmacy FE\\node_modules\\@esbuild\\darwin-x64': 'D:\\Hackathon\\Doctor Appointment System\\Pharmacy FE\\node_modules\\@esbuild\\.darwin-x64-RH5d2HGl',
282 silly reify   'D:\\Hackathon\\Doctor Appointment System\\Pharmacy FE\\node_modules\\@esbuild\\freebsd-arm64': 'D:\\Hackathon\\Doctor Appointment System\\Pharmacy FE\\node_modules\\@esbuild\\.freebsd-arm64-vHGUtEJt',
282 silly reify   'D:\\Hackathon\\Doctor Appointment System\\Pharmacy FE\\node_modules\\@esbuild\\freebsd-x64': 'D:\\Hackathon\\Doctor Appointment System\\Pharmacy FE\\node_modules\\@esbuild\\.freebsd-x64-B09sQt99',
282 silly reify   'D:\\Hackathon\\Doctor Appointment System\\Pharmacy FE\\node_modules\\@esbuild\\linux-arm': 'D:\\Hackathon\\Doctor Appointment System\\Pharmacy FE\\node_modules\\@esbuild\\.linux-arm-BcQTEtrd',
282 silly reify   'D:\\Hackathon\\Doctor Appointment System\\Pharmacy FE\\node_modules\\@esbuild\\linux-arm64': 'D:\\Hackathon\\Doctor Appointment System\\Pharmacy FE\\node_modules\\@esbuild\\.linux-arm64-s65bU0PV',
282 silly reify   'D:\\Hackathon\\Doctor Appointment System\\Pharmacy FE\\node_modules\\@esbuild\\linux-ia32': 'D:\\Hackathon\\Doctor Appointment System\\Pharmacy FE\\node_modules\\@esbuild\\.linux-ia32-fLd8Ggzv',
282 silly reify   'D:\\Hackathon\\Doctor Appointment System\\Pharmacy FE\\node_modules\\@esbuild\\linux-loong64': 'D:\\Hackathon\\Doctor Appointment System\\Pharmacy FE\\node_modules\\@esbuild\\.linux-loong64-TczSFhQ2',
282 silly reify   'D:\\Hackathon\\Doctor Appointment System\\Pharmacy FE\\node_modules\\@esbuild\\linux-mips64el': 'D:\\Hackathon\\Doctor Appointment System\\Pharmacy FE\\node_modules\\@esbuild\\.linux-mips64el-gQxDfi4e',
282 silly reify   'D:\\Hackathon\\Doctor Appointment System\\Pharmacy FE\\node_modules\\@esbuild\\linux-ppc64': 'D:\\Hackathon\\Doctor Appointment System\\Pharmacy FE\\node_modules\\@esbuild\\.linux-ppc64-tUh3kyJ2',
282 silly reify   'D:\\Hackathon\\Doctor Appointment System\\Pharmacy FE\\node_modules\\@esbuild\\linux-riscv64': 'D:\\Hackathon\\Doctor Appointment System\\Pharmacy FE\\node_modules\\@esbuild\\.linux-riscv64-PipBc41E',
282 silly reify   'D:\\Hackathon\\Doctor Appointment System\\Pharmacy FE\\node_modules\\@esbuild\\linux-s390x': 'D:\\Hackathon\\Doctor Appointment System\\Pharmacy FE\\node_modules\\@esbuild\\.linux-s390x-L35G71xe',
282 silly reify   'D:\\Hackathon\\Doctor Appointment System\\Pharmacy FE\\node_modules\\@esbuild\\linux-x64': 'D:\\Hackathon\\Doctor Appointment System\\Pharmacy FE\\node_modules\\@esbuild\\.linux-x64-sE01T9xk',
282 silly reify   'D:\\Hackathon\\Doctor Appointment System\\Pharmacy FE\\node_modules\\@esbuild\\netbsd-x64': 'D:\\Hackathon\\Doctor Appointment System\\Pharmacy FE\\node_modules\\@esbuild\\.netbsd-x64-RqDwIYfU',
282 silly reify   'D:\\Hackathon\\Doctor Appointment System\\Pharmacy FE\\node_modules\\@esbuild\\openbsd-x64': 'D:\\Hackathon\\Doctor Appointment System\\Pharmacy FE\\node_modules\\@esbuild\\.openbsd-x64-zaedp8t4',
282 silly reify   'D:\\Hackathon\\Doctor Appointment System\\Pharmacy FE\\node_modules\\@esbuild\\sunos-x64': 'D:\\Hackathon\\Doctor Appointment System\\Pharmacy FE\\node_modules\\@esbuild\\.sunos-x64-1qYh3Cvh',
282 silly reify   'D:\\Hackathon\\Doctor Appointment System\\Pharmacy FE\\node_modules\\@esbuild\\win32-arm64': 'D:\\Hackathon\\Doctor Appointment System\\Pharmacy FE\\node_modules\\@esbuild\\.win32-arm64-NKbgS785',
282 silly reify   'D:\\Hackathon\\Doctor Appointment System\\Pharmacy FE\\node_modules\\@esbuild\\win32-ia32': 'D:\\Hackathon\\Doctor Appointment System\\Pharmacy FE\\node_modules\\@esbuild\\.win32-ia32-mhrAlOG2',
282 silly reify   'D:\\Hackathon\\Doctor Appointment System\\Pharmacy FE\\node_modules\\@rollup\\rollup-android-arm-eabi': 'D:\\Hackathon\\Doctor Appointment System\\Pharmacy FE\\node_modules\\@rollup\\.rollup-android-arm-eabi-JC5iE2xT',
282 silly reify   'D:\\Hackathon\\Doctor Appointment System\\Pharmacy FE\\node_modules\\@rollup\\rollup-android-arm64': 'D:\\Hackathon\\Doctor Appointment System\\Pharmacy FE\\node_modules\\@rollup\\.rollup-android-arm64-QdpeLAUY',
282 silly reify   'D:\\Hackathon\\Doctor Appointment System\\Pharmacy FE\\node_modules\\@rollup\\rollup-darwin-arm64': 'D:\\Hackathon\\Doctor Appointment System\\Pharmacy FE\\node_modules\\@rollup\\.rollup-darwin-arm64-3p80brl2',
282 silly reify   'D:\\Hackathon\\Doctor Appointment System\\Pharmacy FE\\node_modules\\@rollup\\rollup-darwin-x64': 'D:\\Hackathon\\Doctor Appointment System\\Pharmacy FE\\node_modules\\@rollup\\.rollup-darwin-x64-HswJHxnq',
282 silly reify   'D:\\Hackathon\\Doctor Appointment System\\Pharmacy FE\\node_modules\\@rollup\\rollup-freebsd-arm64': 'D:\\Hackathon\\Doctor Appointment System\\Pharmacy FE\\node_modules\\@rollup\\.rollup-freebsd-arm64-GbxrcgSl',
282 silly reify   'D:\\Hackathon\\Doctor Appointment System\\Pharmacy FE\\node_modules\\@rollup\\rollup-freebsd-x64': 'D:\\Hackathon\\Doctor Appointment System\\Pharmacy FE\\node_modules\\@rollup\\.rollup-freebsd-x64-qRYmbjqI',
282 silly reify   'D:\\Hackathon\\Doctor Appointment System\\Pharmacy FE\\node_modules\\@rollup\\rollup-linux-arm-gnueabihf': 'D:\\Hackathon\\Doctor Appointment System\\Pharmacy FE\\node_modules\\@rollup\\.rollup-linux-arm-gnueabihf-7YCn2EGI',
282 silly reify   'D:\\Hackathon\\Doctor Appointment System\\Pharmacy FE\\node_modules\\@rollup\\rollup-linux-arm-musleabihf': 'D:\\Hackathon\\Doctor Appointment System\\Pharmacy FE\\node_modules\\@rollup\\.rollup-linux-arm-musleabihf-e4yH6AJl',
282 silly reify   'D:\\Hackathon\\Doctor Appointment System\\Pharmacy FE\\node_modules\\@rollup\\rollup-linux-arm64-gnu': 'D:\\Hackathon\\Doctor Appointment System\\Pharmacy FE\\node_modules\\@rollup\\.rollup-linux-arm64-gnu-Nix9PvQi',
282 silly reify   'D:\\Hackathon\\Doctor Appointment System\\Pharmacy FE\\node_modules\\@rollup\\rollup-linux-arm64-musl': 'D:\\Hackathon\\Doctor Appointment System\\Pharmacy FE\\node_modules\\@rollup\\.rollup-linux-arm64-musl-ZvYTr6Hg',
282 silly reify   'D:\\Hackathon\\Doctor Appointment System\\Pharmacy FE\\node_modules\\@rollup\\rollup-linux-loong64-gnu': 'D:\\Hackathon\\Doctor Appointment System\\Pharmacy FE\\node_modules\\@rollup\\.rollup-linux-loong64-gnu-jMxnyZHt',
282 silly reify   'D:\\Hackathon\\Doctor Appointment System\\Pharmacy FE\\node_modules\\@rollup\\rollup-linux-loong64-musl': 'D:\\Hackathon\\Doctor Appointment System\\Pharmacy FE\\node_modules\\@rollup\\.rollup-linux-loong64-musl-6ztlJxXZ',
282 silly reify   'D:\\Hackathon\\Doctor Appointment System\\Pharmacy FE\\node_modules\\@rollup\\rollup-linux-ppc64-gnu': 'D:\\Hackathon\\Doctor Appointment System\\Pharmacy FE\\node_modules\\@rollup\\.rollup-linux-ppc64-gnu-plfrfmSv',
282 silly reify   'D:\\Hackathon\\Doctor Appointment System\\Pharmacy FE\\node_modules\\@rollup\\rollup-linux-ppc64-musl': 'D:\\Hackathon\\Doctor Appointment System\\Pharmacy FE\\node_modules\\@rollup\\.rollup-linux-ppc64-musl-109Y0pqC',
282 silly reify   'D:\\Hackathon\\Doctor Appointment System\\Pharmacy FE\\node_modules\\@rollup\\rollup-linux-riscv64-gnu': 'D:\\Hackathon\\Doctor Appointment System\\Pharmacy FE\\node_modules\\@rollup\\.rollup-linux-riscv64-gnu-tJPHkrwA',
282 silly reify   'D:\\Hackathon\\Doctor Appointment System\\Pharmacy FE\\node_modules\\@rollup\\rollup-linux-riscv64-musl': 'D:\\Hackathon\\Doctor Appointment System\\Pharmacy FE\\node_modules\\@rollup\\.rollup-linux-riscv64-musl-h772TDMt',
282 silly reify   'D:\\Hackathon\\Doctor Appointment System\\Pharmacy FE\\node_modules\\@rollup\\rollup-linux-s390x-gnu': 'D:\\Hackathon\\Doctor Appointment System\\Pharmacy FE\\node_modules\\@rollup\\.rollup-linux-s390x-gnu-qPOxwRM9',
282 silly reify   'D:\\Hackathon\\Doctor Appointment System\\Pharmacy FE\\node_modules\\@rollup\\rollup-linux-x64-gnu': 'D:\\Hackathon\\Doctor Appointment System\\Pharmacy FE\\node_modules\\@rollup\\.rollup-linux-x64-gnu-6aYQRluW',
282 silly reify   'D:\\Hackathon\\Doctor Appointment System\\Pharmacy FE\\node_modules\\@rollup\\rollup-linux-x64-musl': 'D:\\Hackathon\\Doctor Appointment System\\Pharmacy FE\\node_modules\\@rollup\\.rollup-linux-x64-musl-eYEbzdFP',
282 silly reify   'D:\\Hackathon\\Doctor Appointment System\\Pharmacy FE\\node_modules\\@rollup\\rollup-openbsd-x64': 'D:\\Hackathon\\Doctor Appointment System\\Pharmacy FE\\node_modules\\@rollup\\.rollup-openbsd-x64-ju5kIAKh',
282 silly reify   'D:\\Hackathon\\Doctor Appointment System\\Pharmacy FE\\node_modules\\@rollup\\rollup-openharmony-arm64': 'D:\\Hackathon\\Doctor Appointment System\\Pharmacy FE\\node_modules\\@rollup\\.rollup-openharmony-arm64-kJuQWw10',
282 silly reify   'D:\\Hackathon\\Doctor Appointment System\\Pharmacy FE\\node_modules\\@rollup\\rollup-win32-arm64-msvc': 'D:\\Hackathon\\Doctor Appointment System\\Pharmacy FE\\node_modules\\@rollup\\.rollup-win32-arm64-msvc-F49Dt5r7',
282 silly reify   'D:\\Hackathon\\Doctor Appointment System\\Pharmacy FE\\node_modules\\@rollup\\rollup-win32-ia32-msvc': 'D:\\Hackathon\\Doctor Appointment System\\Pharmacy FE\\node_modules\\@rollup\\.rollup-win32-ia32-msvc-ncDuedgx'
282 silly reify }
283 timing reify:retireShallow Completed in 24ms
284 timing reify:createSparse Completed in 20ms
285 timing reify:loadBundles Completed in 0ms
286 silly audit bulk request {
286 silly audit   'any-promise': [ '1.3.0' ],
286 silly audit   asynckit: [ '0.4.0' ],
286 silly audit   arg: [ '5.0.2' ],
286 silly audit   anymatch: [ '3.1.3' ],
286 silly audit   'baseline-browser-mapping': [ '2.10.7' ],
286 silly audit   autoprefixer: [ '10.4.27' ],
286 silly audit   'binary-extensions': [ '2.3.0' ],
286 silly audit   axios: [ '1.13.6' ],
286 silly audit   'call-bind-apply-helpers': [ '1.0.2' ],
286 silly audit   browserslist: [ '4.28.1' ],
286 silly audit   braces: [ '3.0.3' ],
286 silly audit   'camelcase-css': [ '2.0.1' ],
286 silly audit   commander: [ '4.1.1' ],
286 silly audit   chokidar: [ '3.6.0' ],
286 silly audit   'glob-parent': [ '5.1.2', '6.0.2' ],
286 silly audit   'caniuse-lite': [ '1.0.30001778' ],
286 silly audit   'combined-stream': [ '1.0.8' ],
286 silly audit   'convert-source-map': [ '2.0.0' ],
286 silly audit   cssesc: [ '3.0.0' ],
286 silly audit   csstype: [ '3.2.3' ],
286 silly audit   'delayed-stream': [ '1.0.0' ],
286 silly audit   dlv: [ '1.1.3' ],
286 silly audit   didyoumean: [ '1.2.2' ],
286 silly audit   debug: [ '4.4.3' ],
286 silly audit   'electron-to-chromium': [ '1.5.313' ],
286 silly audit   'dunder-proto': [ '1.0.1' ],
286 silly audit   'es-define-property': [ '1.0.1' ],
286 silly audit   'es-errors': [ '1.3.0' ],
286 silly audit   'es-object-atoms': [ '1.1.1' ],
286 silly audit   'es-set-tostringtag': [ '2.1.0' ],
286 silly audit   esbuild: [ '0.21.5' ],
286 silly audit   escalade: [ '3.2.0' ],
286 silly audit   'fast-glob': [ '3.3.3' ],
286 silly audit   fastq: [ '1.20.1' ],
286 silly audit   'follow-redirects': [ '1.15.11' ],
286 silly audit   'form-data': [ '4.0.5' ],
286 silly audit   'function-bind': [ '1.1.2' ],
286 silly audit   'fill-range': [ '7.1.1' ],
286 silly audit   'fraction.js': [ '5.3.4' ],
286 silly audit   goober: [ '2.1.18' ],
286 silly audit   gensync: [ '1.0.0-beta.2' ],
286 silly audit   'get-proto': [ '1.0.1' ],
286 silly audit   'get-intrinsic': [ '1.3.0' ],
286 silly audit   'has-tostringtag': [ '1.0.2' ],
286 silly audit   'has-symbols': [ '1.1.0' ],
286 silly audit   hasown: [ '2.0.2' ],
286 silly audit   'is-binary-path': [ '2.1.0' ],
286 silly audit   gopd: [ '1.2.0' ],
286 silly audit   'is-core-module': [ '2.16.1' ],
286 silly audit   'is-extglob': [ '2.1.1' ],
286 silly audit   'is-number': [ '7.0.0' ],
286 silly audit   jiti: [ '1.21.7' ],
286 silly audit   jsesc: [ '3.1.0' ],
286 silly audit   'js-tokens': [ '4.0.0' ],
286 silly audit   'is-glob': [ '4.0.3' ],
286 silly audit   json5: [ '2.2.3' ],
286 silly audit   'lucide-react': [ '0.468.0' ],
286 silly audit   lilconfig: [ '3.1.3' ],
286 silly audit   'loose-envify': [ '1.4.0' ],
286 silly audit   'lru-cache': [ '5.1.1' ],
286 silly audit   'lines-and-columns': [ '1.2.4' ],
286 silly audit   merge2: [ '1.4.1' ],
286 silly audit   'math-intrinsics': [ '1.1.0' ],
286 silly audit   'mime-db': [ '1.52.0' ],
286 silly audit   mz: [ '2.7.0' ],
286 silly audit   'mime-types': [ '2.1.35' ],
286 silly audit   ms: [ '2.1.3' ],
286 silly audit   micromatch: [ '4.0.8' ],
286 silly audit   'normalize-path': [ '3.0.0' ],
286 silly audit   'node-releases': [ '2.0.36' ],
286 silly audit   'object-hash': [ '3.0.0' ],
286 silly audit   nanoid: [ '3.3.11' ],
286 silly audit   'path-parse': [ '1.0.7' ],
286 silly audit   picocolors: [ '1.1.1' ],
286 silly audit   'object-assign': [ '4.1.1' ],
286 silly audit   'postcss-import': [ '15.1.0' ],
286 silly audit   pify: [ '2.3.0' ],
286 silly audit   picomatch: [ '2.3.1', '4.0.3' ],
286 silly audit   postcss: [ '8.5.8' ],
286 silly audit   pirates: [ '4.0.7' ],
286 silly audit   'postcss-load-config': [ '6.0.1' ],
286 silly audit   'postcss-js': [ '4.1.0' ],
286 silly audit   'postcss-nested': [ '6.2.0' ],
286 silly audit   'postcss-selector-parser': [ '6.1.2' ],
286 silly audit   'postcss-value-parser': [ '4.2.0' ],
286 silly audit   'queue-microtask': [ '1.2.3' ],
286 silly audit   'react-dom': [ '18.3.1' ],
286 silly audit   'react-router': [ '6.30.3' ],
286 silly audit   react: [ '18.3.1' ],
286 silly audit   'proxy-from-env': [ '1.1.0' ],
286 silly audit   'react-hot-toast': [ '2.6.0' ],
286 silly audit   'react-refresh': [ '0.17.0' ],
286 silly audit   readdirp: [ '3.6.0' ],
286 silly audit   'read-cache': [ '1.0.0' ],
286 silly audit   reusify: [ '1.1.0' ],
286 silly audit   semver: [ '6.3.1' ],
286 silly audit   resolve: [ '1.22.11' ],
286 silly audit   'react-router-dom': [ '6.30.3' ],
286 silly audit   rollup: [ '4.59.0' ],
286 silly audit   scheduler: [ '0.23.2' ],
286 silly audit   'run-parallel': [ '1.2.0' ],
286 silly audit   'source-map-js': [ '1.2.1' ],
286 silly audit   'supports-preserve-symlinks-flag': [ '1.0.0' ],
286 silly audit   sucrase: [ '3.35.1' ],
286 silly audit   thenify: [ '3.3.1' ],
286 silly audit   tinyglobby: [ '0.2.15' ],
286 silly audit   fdir: [ '6.5.0' ],
286 silly audit   'thenify-all': [ '1.6.0' ],
286 silly audit   tailwindcss: [ '3.4.19' ],
286 silly audit   'to-regex-range': [ '5.0.1' ],
286 silly audit   'update-browserslist-db': [ '1.2.3' ],
286 silly audit   vite: [ '5.4.21' ],
286 silly audit   'util-deprecate': [ '1.0.2' ],
286 silly audit   yallist: [ '3.1.1' ],
286 silly audit   'ts-interface-checker': [ '0.1.13' ],
286 silly audit   '@alloc/quick-lru': [ '5.2.0' ],
286 silly audit   '@esbuild/win32-x64': [ '0.21.5' ],
286 silly audit   '@babel/code-frame': [ '7.29.0' ],
286 silly audit   '@babel/compat-data': [ '7.29.0' ],
286 silly audit   '@babel/generator': [ '7.29.1' ],
286 silly audit   '@babel/core': [ '7.29.0' ],
286 silly audit   '@babel/helper-globals': [ '7.28.0' ],
286 silly audit   '@babel/helper-compilation-targets': [ '7.28.6' ],
286 silly audit   '@babel/helper-module-imports': [ '7.28.6' ],
286 silly audit   '@babel/helper-validator-identifier': [ '7.28.5' ],
286 silly audit   '@babel/helper-plugin-utils': [ '7.28.6' ],
286 silly audit   '@babel/helper-module-transforms': [ '7.28.6' ],
286 silly audit   '@babel/helpers': [ '7.28.6' ],
286 silly audit   '@babel/helper-string-parser': [ '7.27.1' ],
286 silly audit   '@babel/plugin-transform-react-jsx-self': [ '7.27.1' ],
286 silly audit   '@babel/helper-validator-option': [ '7.27.1' ],
286 silly audit   '@babel/plugin-transform-react-jsx-source': [ '7.27.1' ],
286 silly audit   '@babel/parser': [ '7.29.0' ],
286 silly audit   '@babel/template': [ '7.28.6' ],
286 silly audit   '@babel/types': [ '7.29.0' ],
286 silly audit   '@babel/traverse': [ '7.29.0' ],
286 silly audit   '@jridgewell/remapping': [ '2.3.5' ],
286 silly audit   '@jridgewell/resolve-uri': [ '3.1.2' ],
286 silly audit   '@jridgewell/gen-mapping': [ '0.3.13' ],
286 silly audit   '@jridgewell/sourcemap-codec': [ '1.5.5' ],
286 silly audit   '@jridgewell/trace-mapping': [ '0.3.31' ],
286 silly audit   '@remix-run/router': [ '1.23.2' ],
286 silly audit   '@nodelib/fs.stat': [ '2.0.5' ],
286 silly audit   '@nodelib/fs.walk': [ '1.2.8' ],
286 silly audit   '@rolldown/pluginutils': [ '1.0.0-beta.27' ],
286 silly audit   '@nodelib/fs.scandir': [ '2.1.5' ],
286 silly audit   '@rollup/rollup-win32-x64-gnu': [ '4.59.0' ],
286 silly audit   '@rollup/rollup-win32-x64-msvc': [ '4.59.0' ],
286 silly audit   '@vitejs/plugin-react': [ '4.7.0' ],
286 silly audit   '@types/babel__core': [ '7.20.5' ],
286 silly audit   '@types/babel__generator': [ '7.27.0' ],
286 silly audit   '@types/babel__template': [ '7.4.4' ],
286 silly audit   '@types/babel__traverse': [ '7.28.0' ],
286 silly audit   '@types/estree': [ '1.0.8' ],
286 silly audit   fsevents: [ '2.3.3' ],
286 silly audit   '@esbuild/aix-ppc64': [ '0.21.5' ],
286 silly audit   '@esbuild/android-arm': [ '0.21.5' ],
286 silly audit   '@esbuild/android-arm64': [ '0.21.5' ],
286 silly audit   '@esbuild/android-x64': [ '0.21.5' ],
286 silly audit   '@esbuild/darwin-arm64': [ '0.21.5' ],
286 silly audit   '@esbuild/darwin-x64': [ '0.21.5' ],
286 silly audit   '@esbuild/freebsd-arm64': [ '0.21.5' ],
286 silly audit   '@esbuild/freebsd-x64': [ '0.21.5' ],
286 silly audit   '@esbuild/linux-arm': [ '0.21.5' ],
286 silly audit   '@esbuild/linux-arm64': [ '0.21.5' ],
286 silly audit   '@esbuild/linux-ia32': [ '0.21.5' ],
286 silly audit   '@esbuild/linux-loong64': [ '0.21.5' ],
286 silly audit   '@esbuild/linux-mips64el': [ '0.21.5' ],
286 silly audit   '@esbuild/linux-ppc64': [ '0.21.5' ],
286 silly audit   '@esbuild/linux-riscv64': [ '0.21.5' ],
286 silly audit   '@esbuild/linux-s390x': [ '0.21.5' ],
286 silly audit   '@esbuild/linux-x64': [ '0.21.5' ],
286 silly audit   '@esbuild/netbsd-x64': [ '0.21.5' ],
286 silly audit   '@esbuild/openbsd-x64': [ '0.21.5' ],
286 silly audit   '@esbuild/sunos-x64': [ '0.21.5' ],
286 silly audit   '@esbuild/win32-arm64': [ '0.21.5' ],
286 silly audit   '@esbuild/win32-ia32': [ '0.21.5' ],
286 silly audit   '@rollup/rollup-android-arm-eabi': [ '4.59.0' ],
286 silly audit   '@rollup/rollup-android-arm64': [ '4.59.0' ],
286 silly audit   '@rollup/rollup-darwin-arm64': [ '4.59.0' ],
286 silly audit   '@rollup/rollup-darwin-x64': [ '4.59.0' ],
286 silly audit   '@rollup/rollup-freebsd-arm64': [ '4.59.0' ],
286 silly audit   '@rollup/rollup-freebsd-x64': [ '4.59.0' ],
286 silly audit   '@rollup/rollup-linux-arm-gnueabihf': [ '4.59.0' ],
286 silly audit   '@rollup/rollup-linux-arm-musleabihf': [ '4.59.0' ],
286 silly audit   '@rollup/rollup-linux-arm64-gnu': [ '4.59.0' ],
286 silly audit   '@rollup/rollup-linux-arm64-musl': [ '4.59.0' ],
286 silly audit   '@rollup/rollup-linux-loong64-gnu': [ '4.59.0' ],
286 silly audit   '@rollup/rollup-linux-loong64-musl': [ '4.59.0' ],
286 silly audit   '@rollup/rollup-linux-ppc64-gnu': [ '4.59.0' ],
286 silly audit   '@rollup/rollup-linux-ppc64-musl': [ '4.59.0' ],
286 silly audit   '@rollup/rollup-linux-riscv64-gnu': [ '4.59.0' ],
286 silly audit   '@rollup/rollup-linux-riscv64-musl': [ '4.59.0' ],
286 silly audit   '@rollup/rollup-linux-s390x-gnu': [ '4.59.0' ],
286 silly audit   '@rollup/rollup-linux-x64-gnu': [ '4.59.0' ],
286 silly audit   '@rollup/rollup-linux-x64-musl': [ '4.59.0' ],
286 silly audit   '@rollup/rollup-openbsd-x64': [ '4.59.0' ],
286 silly audit   '@rollup/rollup-openharmony-arm64': [ '4.59.0' ],
286 silly audit   '@rollup/rollup-win32-arm64-msvc': [ '4.59.0' ],
286 silly audit   '@rollup/rollup-win32-ia32-msvc': [ '4.59.0' ]
286 silly audit }
287 verbose reify failed optional dependency D:\Hackathon\Doctor Appointment System\Pharmacy FE\node_modules\vite\node_modules\fsevents
288 silly reify mark deleted [
288 silly reify   'D:\\Hackathon\\Doctor Appointment System\\Pharmacy FE\\node_modules\\vite\\node_modules\\fsevents'
288 silly reify ]
289 verbose reify failed optional dependency D:\Hackathon\Doctor Appointment System\Pharmacy FE\node_modules\rollup\node_modules\fsevents
290 silly reify mark deleted [
290 silly reify   'D:\\Hackathon\\Doctor Appointment System\\Pharmacy FE\\node_modules\\rollup\\node_modules\\fsevents'
290 silly reify ]
291 verbose reify failed optional dependency D:\Hackathon\Doctor Appointment System\Pharmacy FE\node_modules\rollup\node_modules\@rollup\rollup-win32-ia32-msvc
292 silly reify mark deleted [
292 silly reify   'D:\\Hackathon\\Doctor Appointment System\\Pharmacy FE\\node_modules\\rollup\\node_modules\\@rollup\\rollup-win32-ia32-msvc'
292 silly reify ]
293 verbose reify failed optional dependency D:\Hackathon\Doctor Appointment System\Pharmacy FE\node_modules\rollup\node_modules\@rollup\rollup-win32-arm64-msvc
294 silly reify mark deleted [
294 silly reify   'D:\\Hackathon\\Doctor Appointment System\\Pharmacy FE\\node_modules\\rollup\\node_modules\\@rollup\\rollup-win32-arm64-msvc'
294 silly reify ]
295 verbose reify failed optional dependency D:\Hackathon\Doctor Appointment System\Pharmacy FE\node_modules\rollup\node_modules\@rollup\rollup-openharmony-arm64
296 silly reify mark deleted [
296 silly reify   'D:\\Hackathon\\Doctor Appointment System\\Pharmacy FE\\node_modules\\rollup\\node_modules\\@rollup\\rollup-openharmony-arm64'
296 silly reify ]
297 verbose reify failed optional dependency D:\Hackathon\Doctor Appointment System\Pharmacy FE\node_modules\rollup\node_modules\@rollup\rollup-openbsd-x64
298 silly reify mark deleted [
298 silly reify   'D:\\Hackathon\\Doctor Appointment System\\Pharmacy FE\\node_modules\\rollup\\node_modules\\@rollup\\rollup-openbsd-x64'
298 silly reify ]
299 verbose reify failed optional dependency D:\Hackathon\Doctor Appointment System\Pharmacy FE\node_modules\rollup\node_modules\@rollup\rollup-linux-x64-musl
300 silly reify mark deleted [
300 silly reify   'D:\\Hackathon\\Doctor Appointment System\\Pharmacy FE\\node_modules\\rollup\\node_modules\\@rollup\\rollup-linux-x64-musl'
300 silly reify ]
301 verbose reify failed optional dependency D:\Hackathon\Doctor Appointment System\Pharmacy FE\node_modules\rollup\node_modules\@rollup\rollup-linux-x64-gnu
302 silly reify mark deleted [
302 silly reify   'D:\\Hackathon\\Doctor Appointment System\\Pharmacy FE\\node_modules\\rollup\\node_modules\\@rollup\\rollup-linux-x64-gnu'
302 silly reify ]
303 verbose reify failed optional dependency D:\Hackathon\Doctor Appointment System\Pharmacy FE\node_modules\rollup\node_modules\@rollup\rollup-linux-s390x-gnu
304 silly reify mark deleted [
304 silly reify   'D:\\Hackathon\\Doctor Appointment System\\Pharmacy FE\\node_modules\\rollup\\node_modules\\@rollup\\rollup-linux-s390x-gnu'
304 silly reify ]
305 verbose reify failed optional dependency D:\Hackathon\Doctor Appointment System\Pharmacy FE\node_modules\rollup\node_modules\@rollup\rollup-linux-riscv64-musl
306 silly reify mark deleted [
306 silly reify   'D:\\Hackathon\\Doctor Appointment System\\Pharmacy FE\\node_modules\\rollup\\node_modules\\@rollup\\rollup-linux-riscv64-musl'
306 silly reify ]
307 verbose reify failed optional dependency D:\Hackathon\Doctor Appointment System\Pharmacy FE\node_modules\rollup\node_modules\@rollup\rollup-linux-riscv64-gnu
308 silly reify mark deleted [
308 silly reify   'D:\\Hackathon\\Doctor Appointment System\\Pharmacy FE\\node_modules\\rollup\\node_modules\\@rollup\\rollup-linux-riscv64-gnu'
308 silly reify ]
309 verbose reify failed optional dependency D:\Hackathon\Doctor Appointment System\Pharmacy FE\node_modules\rollup\node_modules\@rollup\rollup-linux-ppc64-musl
310 silly reify mark deleted [
310 silly reify   'D:\\Hackathon\\Doctor Appointment System\\Pharmacy FE\\node_modules\\rollup\\node_modules\\@rollup\\rollup-linux-ppc64-musl'
310 silly reify ]
311 verbose reify failed optional dependency D:\Hackathon\Doctor Appointment System\Pharmacy FE\node_modules\rollup\node_modules\@rollup\rollup-linux-ppc64-gnu
312 silly reify mark deleted [
312 silly reify   'D:\\Hackathon\\Doctor Appointment System\\Pharmacy FE\\node_modules\\rollup\\node_modules\\@rollup\\rollup-linux-ppc64-gnu'
312 silly reify ]
313 verbose reify failed optional dependency D:\Hackathon\Doctor Appointment System\Pharmacy FE\node_modules\rollup\node_modules\@rollup\rollup-linux-loong64-musl
314 silly reify mark deleted [
314 silly reify   'D:\\Hackathon\\Doctor Appointment System\\Pharmacy FE\\node_modules\\rollup\\node_modules\\@rollup\\rollup-linux-loong64-musl'
314 silly reify ]
315 verbose reify failed optional dependency D:\Hackathon\Doctor Appointment System\Pharmacy FE\node_modules\rollup\node_modules\@rollup\rollup-linux-loong64-gnu
316 silly reify mark deleted [
316 silly reify   'D:\\Hackathon\\Doctor Appointment System\\Pharmacy FE\\node_modules\\rollup\\node_modules\\@rollup\\rollup-linux-loong64-gnu'
316 silly reify ]
317 verbose reify failed optional dependency D:\Hackathon\Doctor Appointment System\Pharmacy FE\node_modules\rollup\node_modules\@rollup\rollup-linux-arm64-musl
318 silly reify mark deleted [
318 silly reify   'D:\\Hackathon\\Doctor Appointment System\\Pharmacy FE\\node_modules\\rollup\\node_modules\\@rollup\\rollup-linux-arm64-musl'
318 silly reify ]
319 verbose reify failed optional dependency D:\Hackathon\Doctor Appointment System\Pharmacy FE\node_modules\rollup\node_modules\@rollup\rollup-linux-arm64-gnu
320 silly reify mark deleted [
320 silly reify   'D:\\Hackathon\\Doctor Appointment System\\Pharmacy FE\\node_modules\\rollup\\node_modules\\@rollup\\rollup-linux-arm64-gnu'
320 silly reify ]
321 verbose reify failed optional dependency D:\Hackathon\Doctor Appointment System\Pharmacy FE\node_modules\rollup\node_modules\@rollup\rollup-linux-arm-musleabihf
322 silly reify mark deleted [
322 silly reify   'D:\\Hackathon\\Doctor Appointment System\\Pharmacy FE\\node_modules\\rollup\\node_modules\\@rollup\\rollup-linux-arm-musleabihf'
322 silly reify ]
323 verbose reify failed optional dependency D:\Hackathon\Doctor Appointment System\Pharmacy FE\node_modules\rollup\node_modules\@rollup\rollup-linux-arm-gnueabihf
324 silly reify mark deleted [
324 silly reify   'D:\\Hackathon\\Doctor Appointment System\\Pharmacy FE\\node_modules\\rollup\\node_modules\\@rollup\\rollup-linux-arm-gnueabihf'
324 silly reify ]
325 verbose reify failed optional dependency D:\Hackathon\Doctor Appointment System\Pharmacy FE\node_modules\rollup\node_modules\@rollup\rollup-freebsd-x64
326 silly reify mark deleted [
326 silly reify   'D:\\Hackathon\\Doctor Appointment System\\Pharmacy FE\\node_modules\\rollup\\node_modules\\@rollup\\rollup-freebsd-x64'
326 silly reify ]
327 verbose reify failed optional dependency D:\Hackathon\Doctor Appointment System\Pharmacy FE\node_modules\rollup\node_modules\@rollup\rollup-freebsd-arm64
328 silly reify mark deleted [
328 silly reify   'D:\\Hackathon\\Doctor Appointment System\\Pharmacy FE\\node_modules\\rollup\\node_modules\\@rollup\\rollup-freebsd-arm64'
328 silly reify ]
329 verbose reify failed optional dependency D:\Hackathon\Doctor Appointment System\Pharmacy FE\node_modules\rollup\node_modules\@rollup\rollup-darwin-x64
330 silly reify mark deleted [
330 silly reify   'D:\\Hackathon\\Doctor Appointment System\\Pharmacy FE\\node_modules\\rollup\\node_modules\\@rollup\\rollup-darwin-x64'
330 silly reify ]
331 verbose reify failed optional dependency D:\Hackathon\Doctor Appointment System\Pharmacy FE\node_modules\rollup\node_modules\@rollup\rollup-darwin-arm64
332 silly reify mark deleted [
332 silly reify   'D:\\Hackathon\\Doctor Appointment System\\Pharmacy FE\\node_modules\\rollup\\node_modules\\@rollup\\rollup-darwin-arm64'
332 silly reify ]
333 verbose reify failed optional dependency D:\Hackathon\Doctor Appointment System\Pharmacy FE\node_modules\rollup\node_modules\@rollup\rollup-android-arm64
334 silly reify mark deleted [
334 silly reify   'D:\\Hackathon\\Doctor Appointment System\\Pharmacy FE\\node_modules\\rollup\\node_modules\\@rollup\\rollup-android-arm64'
334 silly reify ]
335 verbose reify failed optional dependency D:\Hackathon\Doctor Appointment System\Pharmacy FE\node_modules\rollup\node_modules\@rollup\rollup-android-arm-eabi
336 silly reify mark deleted [
336 silly reify   'D:\\Hackathon\\Doctor Appointment System\\Pharmacy FE\\node_modules\\rollup\\node_modules\\@rollup\\rollup-android-arm-eabi'
336 silly reify ]
337 verbose reify failed optional dependency D:\Hackathon\Doctor Appointment System\Pharmacy FE\node_modules\esbuild\node_modules\@esbuild\win32-ia32
338 silly reify mark deleted [
338 silly reify   'D:\\Hackathon\\Doctor Appointment System\\Pharmacy FE\\node_modules\\esbuild\\node_modules\\@esbuild\\win32-ia32'
338 silly reify ]
339 verbose reify failed optional dependency D:\Hackathon\Doctor Appointment System\Pharmacy FE\node_modules\esbuild\node_modules\@esbuild\win32-arm64
340 silly reify mark deleted [
340 silly reify   'D:\\Hackathon\\Doctor Appointment System\\Pharmacy FE\\node_modules\\esbuild\\node_modules\\@esbuild\\win32-arm64'
340 silly reify ]
341 verbose reify failed optional dependency D:\Hackathon\Doctor Appointment System\Pharmacy FE\node_modules\esbuild\node_modules\@esbuild\sunos-x64
342 silly reify mark deleted [
342 silly reify   'D:\\Hackathon\\Doctor Appointment System\\Pharmacy FE\\node_modules\\esbuild\\node_modules\\@esbuild\\sunos-x64'
342 silly reify ]
343 verbose reify failed optional dependency D:\Hackathon\Doctor Appointment System\Pharmacy FE\node_modules\esbuild\node_modules\@esbuild\openbsd-x64
344 silly reify mark deleted [
344 silly reify   'D:\\Hackathon\\Doctor Appointment System\\Pharmacy FE\\node_modules\\esbuild\\node_modules\\@esbuild\\openbsd-x64'
344 silly reify ]
345 verbose reify failed optional dependency D:\Hackathon\Doctor Appointment System\Pharmacy FE\node_modules\esbuild\node_modules\@esbuild\netbsd-x64
346 silly reify mark deleted [
346 silly reify   'D:\\Hackathon\\Doctor Appointment System\\Pharmacy FE\\node_modules\\esbuild\\node_modules\\@esbuild\\netbsd-x64'
346 silly reify ]
347 verbose reify failed optional dependency D:\Hackathon\Doctor Appointment System\Pharmacy FE\node_modules\esbuild\node_modules\@esbuild\linux-x64
348 silly reify mark deleted [
348 silly reify   'D:\\Hackathon\\Doctor Appointment System\\Pharmacy FE\\node_modules\\esbuild\\node_modules\\@esbuild\\linux-x64'
348 silly reify ]
349 verbose reify failed optional dependency D:\Hackathon\Doctor Appointment System\Pharmacy FE\node_modules\esbuild\node_modules\@esbuild\linux-s390x
350 silly reify mark deleted [
350 silly reify   'D:\\Hackathon\\Doctor Appointment System\\Pharmacy FE\\node_modules\\esbuild\\node_modules\\@esbuild\\linux-s390x'
350 silly reify ]
351 verbose reify failed optional dependency D:\Hackathon\Doctor Appointment System\Pharmacy FE\node_modules\esbuild\node_modules\@esbuild\linux-riscv64
352 silly reify mark deleted [
352 silly reify   'D:\\Hackathon\\Doctor Appointment System\\Pharmacy FE\\node_modules\\esbuild\\node_modules\\@esbuild\\linux-riscv64'
352 silly reify ]
353 verbose reify failed optional dependency D:\Hackathon\Doctor Appointment System\Pharmacy FE\node_modules\esbuild\node_modules\@esbuild\linux-ppc64
354 silly reify mark deleted [
354 silly reify   'D:\\Hackathon\\Doctor Appointment System\\Pharmacy FE\\node_modules\\esbuild\\node_modules\\@esbuild\\linux-ppc64'
354 silly reify ]
355 verbose reify failed optional dependency D:\Hackathon\Doctor Appointment System\Pharmacy FE\node_modules\esbuild\node_modules\@esbuild\linux-mips64el
356 silly reify mark deleted [
356 silly reify   'D:\\Hackathon\\Doctor Appointment System\\Pharmacy FE\\node_modules\\esbuild\\node_modules\\@esbuild\\linux-mips64el'
356 silly reify ]
357 verbose reify failed optional dependency D:\Hackathon\Doctor Appointment System\Pharmacy FE\node_modules\esbuild\node_modules\@esbuild\linux-loong64
358 silly reify mark deleted [
358 silly reify   'D:\\Hackathon\\Doctor Appointment System\\Pharmacy FE\\node_modules\\esbuild\\node_modules\\@esbuild\\linux-loong64'
358 silly reify ]
359 verbose reify failed optional dependency D:\Hackathon\Doctor Appointment System\Pharmacy FE\node_modules\esbuild\node_modules\@esbuild\linux-ia32
360 silly reify mark deleted [
360 silly reify   'D:\\Hackathon\\Doctor Appointment System\\Pharmacy FE\\node_modules\\esbuild\\node_modules\\@esbuild\\linux-ia32'
360 silly reify ]
361 verbose reify failed optional dependency D:\Hackathon\Doctor Appointment System\Pharmacy FE\node_modules\esbuild\node_modules\@esbuild\linux-arm64
362 silly reify mark deleted [
362 silly reify   'D:\\Hackathon\\Doctor Appointment System\\Pharmacy FE\\node_modules\\esbuild\\node_modules\\@esbuild\\linux-arm64'
362 silly reify ]
363 verbose reify failed optional dependency D:\Hackathon\Doctor Appointment System\Pharmacy FE\node_modules\esbuild\node_modules\@esbuild\linux-arm
364 silly reify mark deleted [
364 silly reify   'D:\\Hackathon\\Doctor Appointment System\\Pharmacy FE\\node_modules\\esbuild\\node_modules\\@esbuild\\linux-arm'
364 silly reify ]
365 verbose reify failed optional dependency D:\Hackathon\Doctor Appointment System\Pharmacy FE\node_modules\esbuild\node_modules\@esbuild\freebsd-x64
366 silly reify mark deleted [
366 silly reify   'D:\\Hackathon\\Doctor Appointment System\\Pharmacy FE\\node_modules\\esbuild\\node_modules\\@esbuild\\freebsd-x64'
366 silly reify ]
367 verbose reify failed optional dependency D:\Hackathon\Doctor Appointment System\Pharmacy FE\node_modules\esbuild\node_modules\@esbuild\freebsd-arm64
368 silly reify mark deleted [
368 silly reify   'D:\\Hackathon\\Doctor Appointment System\\Pharmacy FE\\node_modules\\esbuild\\node_modules\\@esbuild\\freebsd-arm64'
368 silly reify ]
369 verbose reify failed optional dependency D:\Hackathon\Doctor Appointment System\Pharmacy FE\node_modules\esbuild\node_modules\@esbuild\darwin-x64
370 silly reify mark deleted [
370 silly reify   'D:\\Hackathon\\Doctor Appointment System\\Pharmacy FE\\node_modules\\esbuild\\node_modules\\@esbuild\\darwin-x64'
370 silly reify ]
371 verbose reify failed optional dependency D:\Hackathon\Doctor Appointment System\Pharmacy FE\node_modules\esbuild\node_modules\@esbuild\darwin-arm64
372 silly reify mark deleted [
372 silly reify   'D:\\Hackathon\\Doctor Appointment System\\Pharmacy FE\\node_modules\\esbuild\\node_modules\\@esbuild\\darwin-arm64'
372 silly reify ]
373 verbose reify failed optional dependency D:\Hackathon\Doctor Appointment System\Pharmacy FE\node_modules\esbuild\node_modules\@esbuild\android-x64
374 silly reify mark deleted [
374 silly reify   'D:\\Hackathon\\Doctor Appointment System\\Pharmacy FE\\node_modules\\esbuild\\node_modules\\@esbuild\\android-x64'
374 silly reify ]
375 verbose reify failed optional dependency D:\Hackathon\Doctor Appointment System\Pharmacy FE\node_modules\esbuild\node_modules\@esbuild\android-arm64
376 silly reify mark deleted [
376 silly reify   'D:\\Hackathon\\Doctor Appointment System\\Pharmacy FE\\node_modules\\esbuild\\node_modules\\@esbuild\\android-arm64'
376 silly reify ]
377 verbose reify failed optional dependency D:\Hackathon\Doctor Appointment System\Pharmacy FE\node_modules\esbuild\node_modules\@esbuild\android-arm
378 silly reify mark deleted [
378 silly reify   'D:\\Hackathon\\Doctor Appointment System\\Pharmacy FE\\node_modules\\esbuild\\node_modules\\@esbuild\\android-arm'
378 silly reify ]
379 verbose reify failed optional dependency D:\Hackathon\Doctor Appointment System\Pharmacy FE\node_modules\esbuild\node_modules\@esbuild\aix-ppc64
380 silly reify mark deleted [
380 silly reify   'D:\\Hackathon\\Doctor Appointment System\\Pharmacy FE\\node_modules\\esbuild\\node_modules\\@esbuild\\aix-ppc64'
380 silly reify ]
381 verbose reify failed optional dependency D:\Hackathon\Doctor Appointment System\Pharmacy FE\node_modules\chokidar\node_modules\fsevents
382 silly reify mark deleted [
382 silly reify   'D:\\Hackathon\\Doctor Appointment System\\Pharmacy FE\\node_modules\\chokidar\\node_modules\\fsevents'
382 silly reify ]
383 timing reifyNode:node_modules/vite/node_modules/fsevents Completed in 8ms
384 timing reifyNode:node_modules/rollup/node_modules/fsevents Completed in 8ms
385 timing reifyNode:node_modules/rollup/node_modules/@rollup/rollup-win32-ia32-msvc Completed in 11ms
386 timing reifyNode:node_modules/rollup/node_modules/@rollup/rollup-win32-arm64-msvc Completed in 11ms
387 timing reifyNode:node_modules/rollup/node_modules/@rollup/rollup-openharmony-arm64 Completed in 11ms
388 timing reifyNode:node_modules/rollup/node_modules/@rollup/rollup-openbsd-x64 Completed in 11ms
389 timing reifyNode:node_modules/rollup/node_modules/@rollup/rollup-linux-x64-musl Completed in 11ms
390 timing reifyNode:node_modules/rollup/node_modules/@rollup/rollup-linux-x64-gnu Completed in 11ms
391 timing reifyNode:node_modules/rollup/node_modules/@rollup/rollup-linux-s390x-gnu Completed in 11ms
392 timing reifyNode:node_modules/rollup/node_modules/@rollup/rollup-linux-riscv64-musl Completed in 11ms
393 timing reifyNode:node_modules/rollup/node_modules/@rollup/rollup-linux-riscv64-gnu Completed in 11ms
394 timing reifyNode:node_modules/rollup/node_modules/@rollup/rollup-linux-ppc64-musl Completed in 11ms
395 timing reifyNode:node_modules/rollup/node_modules/@rollup/rollup-linux-ppc64-gnu Completed in 11ms
396 timing reifyNode:node_modules/rollup/node_modules/@rollup/rollup-linux-loong64-musl Completed in 11ms
397 timing reifyNode:node_modules/rollup/node_modules/@rollup/rollup-linux-loong64-gnu Completed in 11ms
398 timing reifyNode:node_modules/rollup/node_modules/@rollup/rollup-linux-arm64-musl Completed in 11ms
399 timing reifyNode:node_modules/rollup/node_modules/@rollup/rollup-linux-arm64-gnu Completed in 11ms
400 timing reifyNode:node_modules/rollup/node_modules/@rollup/rollup-linux-arm-musleabihf Completed in 11ms
401 timing reifyNode:node_modules/rollup/node_modules/@rollup/rollup-linux-arm-gnueabihf Completed in 11ms
402 timing reifyNode:node_modules/rollup/node_modules/@rollup/rollup-freebsd-x64 Completed in 11ms
403 timing reifyNode:node_modules/rollup/node_modules/@rollup/rollup-freebsd-arm64 Completed in 10ms
404 timing reifyNode:node_modules/rollup/node_modules/@rollup/rollup-darwin-x64 Completed in 10ms
405 timing reifyNode:node_modules/rollup/node_modules/@rollup/rollup-darwin-arm64 Completed in 10ms
406 timing reifyNode:node_modules/rollup/node_modules/@rollup/rollup-android-arm64 Completed in 10ms
407 timing reifyNode:node_modules/rollup/node_modules/@rollup/rollup-android-arm-eabi Completed in 10ms
408 timing reifyNode:node_modules/esbuild/node_modules/@esbuild/win32-ia32 Completed in 10ms
409 timing reifyNode:node_modules/esbuild/node_modules/@esbuild/win32-arm64 Completed in 10ms
410 timing reifyNode:node_modules/esbuild/node_modules/@esbuild/sunos-x64 Completed in 10ms
411 timing reifyNode:node_modules/esbuild/node_modules/@esbuild/openbsd-x64 Completed in 10ms
412 timing reifyNode:node_modules/esbuild/node_modules/@esbuild/netbsd-x64 Completed in 10ms
413 timing reifyNode:node_modules/esbuild/node_modules/@esbuild/linux-x64 Completed in 11ms
414 timing reifyNode:node_modules/esbuild/node_modules/@esbuild/linux-s390x Completed in 11ms
415 timing reifyNode:node_modules/esbuild/node_modules/@esbuild/linux-riscv64 Completed in 11ms
416 timing reifyNode:node_modules/esbuild/node_modules/@esbuild/linux-ppc64 Completed in 11ms
417 timing reifyNode:node_modules/esbuild/node_modules/@esbuild/linux-mips64el Completed in 11ms
418 timing reifyNode:node_modules/esbuild/node_modules/@esbuild/linux-loong64 Completed in 11ms
419 timing reifyNode:node_modules/esbuild/node_modules/@esbuild/linux-ia32 Completed in 11ms
420 timing reifyNode:node_modules/esbuild/node_modules/@esbuild/linux-arm64 Completed in 11ms
421 timing reifyNode:node_modules/esbuild/node_modules/@esbuild/linux-arm Completed in 11ms
422 timing reifyNode:node_modules/esbuild/node_modules/@esbuild/freebsd-x64 Completed in 11ms
423 timing reifyNode:node_modules/esbuild/node_modules/@esbuild/freebsd-arm64 Completed in 11ms
424 timing reifyNode:node_modules/esbuild/node_modules/@esbuild/darwin-x64 Completed in 11ms
425 timing reifyNode:node_modules/esbuild/node_modules/@esbuild/darwin-arm64 Completed in 11ms
426 timing reifyNode:node_modules/esbuild/node_modules/@esbuild/android-x64 Completed in 11ms
427 timing reifyNode:node_modules/esbuild/node_modules/@esbuild/android-arm64 Completed in 11ms
428 timing reifyNode:node_modules/esbuild/node_modules/@esbuild/android-arm Completed in 11ms
429 timing reifyNode:node_modules/esbuild/node_modules/@esbuild/aix-ppc64 Completed in 11ms
430 timing reifyNode:node_modules/chokidar/node_modules/fsevents Completed in 11ms
431 timing reify:unpack Completed in 13ms
432 timing reify:unretire Completed in 0ms
433 timing build:queue Completed in 4ms
434 timing build:run:install Completed in 0ms
435 timing build:deps Completed in 5ms
436 timing build Completed in 5ms
437 timing reify:build Completed in 5ms
438 timing reify:trash Completed in 8ms
439 timing reify:save Completed in 40ms
440 http fetch POST 200 https://registry.npmjs.org/-/npm/v1/security/advisories/bulk 262ms
441 timing auditReport:getReport Completed in 264ms
442 silly audit report {
442 silly audit report   esbuild: [
442 silly audit report     {
442 silly audit report       id: 1102341,
442 silly audit report       url: 'https://github.com/advisories/GHSA-67mh-4wv8-2f99',
442 silly audit report       title: 'esbuild enables any website to send any requests to the development server and read the response',
442 silly audit report       severity: 'moderate',
442 silly audit report       vulnerable_versions: '<=0.24.2',
442 silly audit report       cwe: [Array],
442 silly audit report       cvss: [Object]
442 silly audit report     }
442 silly audit report   ]
442 silly audit report }
443 timing metavuln:cache:get:security-advisory:esbuild:jKdCIzePj7J1488qgRXvF8Srh9wutSuR1exB8YooNX62hT+qhtrUXYbArLNoIhgwbaCqKpmduh18syZU7BR9SA== Completed in 3ms
444 http fetch GET 200 https://registry.npmjs.org/esbuild 296ms (cache miss)
445 timing metavuln:packument:esbuild Completed in 301ms
446 timing metavuln:load:security-advisory:esbuild:1102341 Completed in 3ms
447 timing metavuln:calculate:security-advisory:esbuild:1102341 Completed in 304ms
448 timing metavuln:cache:get:security-advisory:vite:tMBsdAS7JBTyRORp0YaJR984WAAsOxgmReSLBN0Nd41GhzEakjROICqAJ31iOdYG5Ijo/MlJ01p3ig1iN88+Tw== Completed in 2ms
449 http fetch GET 200 https://registry.npmjs.org/vite 359ms (cache miss)
450 timing metavuln:packument:vite Completed in 375ms
451 timing metavuln:load:security-advisory:vite:jKdCIzePj7J1488qgRXvF8Srh9wutSuR1exB8YooNX62hT+qhtrUXYbArLNoIhgwbaCqKpmduh18syZU7BR9SA== Completed in 4ms
452 timing metavuln:calculate:security-advisory:vite:jKdCIzePj7J1488qgRXvF8Srh9wutSuR1exB8YooNX62hT+qhtrUXYbArLNoIhgwbaCqKpmduh18syZU7BR9SA== Completed in 380ms
453 timing metavuln:cache:get:security-advisory:@vitejs/plugin-react:P4XDBxCt1M9jhU3wPSnbYo14hU9TEKKi3dRjV6pE6SGkUMgEqrUpLUvU/o4utnW6O2m8Mrkk3y+AtxEbBn/p0A== Completed in 2ms
454 http fetch GET 200 https://registry.npmjs.org/@vitejs%2fplugin-react 93ms (cache miss)
455 timing metavuln:packument:@vitejs/plugin-react Completed in 94ms
456 timing metavuln:load:security-advisory:@vitejs/plugin-react:tMBsdAS7JBTyRORp0YaJR984WAAsOxgmReSLBN0Nd41GhzEakjROICqAJ31iOdYG5Ijo/MlJ01p3ig1iN88+Tw== Completed in 0ms
457 timing metavuln:calculate:security-advisory:@vitejs/plugin-react:tMBsdAS7JBTyRORp0YaJR984WAAsOxgmReSLBN0Nd41GhzEakjROICqAJ31iOdYG5Ijo/MlJ01p3ig1iN88+Tw== Completed in 94ms
458 timing auditReport:init Completed in 799ms
459 timing reify:audit Completed in 1064ms
460 timing reify Completed in 6257ms
461 silly ADD
462 silly ADD
463 silly ADD
464 silly ADD
465 silly ADD
466 silly ADD
467 silly ADD
468 silly ADD
469 silly ADD
470 silly ADD
471 silly ADD
472 silly ADD
473 silly ADD
474 silly ADD
475 silly ADD
476 silly ADD
477 silly ADD
478 silly ADD
479 silly ADD
480 silly ADD
481 silly ADD
482 silly ADD
483 silly ADD
484 silly ADD
485 silly ADD
486 silly ADD
487 silly ADD
488 silly ADD
489 silly ADD
490 silly ADD
491 silly ADD
492 silly ADD
493 silly ADD
494 silly ADD
495 silly ADD
496 silly ADD
497 silly ADD
498 silly ADD
499 silly ADD
500 silly ADD
501 silly ADD
502 silly ADD
503 silly ADD
504 silly ADD
505 silly ADD
506 silly ADD
507 silly ADD
508 silly ADD
509 silly REMOVE node_modules/@rollup/rollup-win32-ia32-msvc
510 silly REMOVE node_modules/@rollup/rollup-win32-arm64-msvc
511 silly REMOVE node_modules/@rollup/rollup-openharmony-arm64
512 silly REMOVE node_modules/@rollup/rollup-openbsd-x64
513 silly REMOVE node_modules/@rollup/rollup-linux-x64-musl
514 silly REMOVE node_modules/@rollup/rollup-linux-x64-gnu
515 silly REMOVE node_modules/@rollup/rollup-linux-s390x-gnu
516 silly REMOVE node_modules/@rollup/rollup-linux-riscv64-musl
517 silly REMOVE node_modules/@rollup/rollup-linux-riscv64-gnu
518 silly REMOVE node_modules/@rollup/rollup-linux-ppc64-musl
519 silly REMOVE node_modules/@rollup/rollup-linux-ppc64-gnu
520 silly REMOVE node_modules/@rollup/rollup-linux-loong64-musl
521 silly REMOVE node_modules/@rollup/rollup-linux-loong64-gnu
522 silly REMOVE node_modules/@rollup/rollup-linux-arm64-musl
523 silly REMOVE node_modules/@rollup/rollup-linux-arm64-gnu
524 silly REMOVE node_modules/@rollup/rollup-linux-arm-musleabihf
525 silly REMOVE node_modules/@rollup/rollup-linux-arm-gnueabihf
526 silly REMOVE node_modules/@rollup/rollup-freebsd-x64
527 silly REMOVE node_modules/@rollup/rollup-freebsd-arm64
528 silly REMOVE node_modules/@rollup/rollup-darwin-x64
529 silly REMOVE node_modules/@rollup/rollup-darwin-arm64
530 silly REMOVE node_modules/@rollup/rollup-android-arm64
531 silly REMOVE node_modules/@rollup/rollup-android-arm-eabi
532 silly REMOVE node_modules/@esbuild/win32-ia32
533 silly REMOVE node_modules/@esbuild/win32-arm64
534 silly REMOVE node_modules/@esbuild/sunos-x64
535 silly REMOVE node_modules/@esbuild/openbsd-x64
536 silly REMOVE node_modules/@esbuild/netbsd-x64
537 silly REMOVE node_modules/@esbuild/linux-x64
538 silly REMOVE node_modules/@esbuild/linux-s390x
539 silly REMOVE node_modules/@esbuild/linux-riscv64
540 silly REMOVE node_modules/@esbuild/linux-ppc64
541 silly REMOVE node_modules/@esbuild/linux-mips64el
542 silly REMOVE node_modules/@esbuild/linux-loong64
543 silly REMOVE node_modules/@esbuild/linux-ia32
544 silly REMOVE node_modules/@esbuild/linux-arm64
545 silly REMOVE node_modules/@esbuild/linux-arm
546 silly REMOVE node_modules/@esbuild/freebsd-x64
547 silly REMOVE node_modules/@esbuild/freebsd-arm64
548 silly REMOVE node_modules/@esbuild/darwin-x64
549 silly REMOVE node_modules/@esbuild/darwin-arm64
550 silly REMOVE node_modules/@esbuild/android-x64
551 silly REMOVE node_modules/@esbuild/android-arm64
552 silly REMOVE node_modules/@esbuild/android-arm
553 silly REMOVE node_modules/@esbuild/aix-ppc64
554 silly REMOVE node_modules/fsevents
555 timing command:install Completed in 6279ms
556 verbose exit 0
557 timing npm Completed in 6924ms
558 info ok
